  main.cpp
C:\Program Files\Microsoft Visual Studio\2022\Community\VC\Tools\MSVC\14.39.33519\include\xutility(4537,18): warning C4244: '=': conversão de 'const wchar_t' para 'char', possível perda de dados
  (compilando o arquivo fonte 'main.cpp')
  C:\Program Files\Microsoft Visual Studio\2022\Community\VC\Tools\MSVC\14.39.33519\include\xutility(4537,18):
  o contexto de instanciação do modelo (o mais antigo primeiro) é
  	C:\Users\vinicius\Desktop\OpenCoding\refatoracaoCppautocontrol\macroPxg\MacroRevive\MacroRevive\main.cpp(55,20):
  	consulte a referência à instanciação 'std::basic_string<char,std::char_traits<char>,std::allocator<char>>::basic_string<std::_String_const_iterator<std::_String_val<std::_Simple_types<_Elem>>>,0>(_Iter,_Iter,const _Alloc &)' do modelo que está sendo compilada
          with
          [
              _Elem=wchar_t,
              _Iter=std::_String_const_iterator<std::_String_val<std::_Simple_types<wchar_t>>>,
              _Alloc=std::allocator<char>
          ]
  		C:\Users\vinicius\Desktop\OpenCoding\refatoracaoCppautocontrol\macroPxg\MacroRevive\MacroRevive\main.cpp(55,20):
  		veja a primeira referência a 'std::basic_string<char,std::char_traits<char>,std::allocator<char>>::basic_string' em 'wstringToString'
  	C:\Program Files\Microsoft Visual Studio\2022\Community\VC\Tools\MSVC\14.39.33519\include\xstring(2600,17):
  	consulte a referência à instanciação 'void std::basic_string<char,std::char_traits<char>,std::allocator<char>>::_Construct_from_iter<const wchar_t*,const wchar_t*,_Size_type>(_Iter,const _Sent,_Size)' do modelo que está sendo compilada
          with
          [
              _Size_type=unsigned __int64,
              _Iter=const wchar_t *,
              _Sent=const wchar_t *,
              _Size=unsigned __int64
          ]
  	C:\Program Files\Microsoft Visual Studio\2022\Community\VC\Tools\MSVC\14.39.33519\include\xstring(2756,18):
  	consulte a referência à instanciação '_OutIt *std::_Copy_n_unchecked4<const wchar_t*,_Size,char*>(_InIt,_SizeTy,_OutIt)' do modelo que está sendo compilada
          with
          [
              _OutIt=char *,
              _Size=unsigned __int64,
              _InIt=const wchar_t *,
              _SizeTy=unsigned __int64
          ]
  
C:\Program Files\Microsoft Visual Studio\2022\Community\MSBuild\Microsoft\VC\v170\Microsoft.CppCommon.targets(1151,5): error MSB6006: "link.exe" foi encerrado com o código 1.
